app/build/intermediates/manifest_merge_blame_file/JuFuPayGr1Debug/manifest-merger-blame-JuFuPayGr1-debug-report.txt
1<?xml version="1.0" encoding="utf-8"?>
2<manifest xmlns:android="http://schemas.android.com/apk/res/android"
3    package="com.jingyu.pay"
4    android:versionCode="1"
5    android:versionName="1.0" >
6
7    <uses-sdk
7-->src/main/AndroidManifest.xml:8:5-10:41
8        android:minSdkVersion="24"
8-->src/main/AndroidManifest.xml:9:9-35
9        android:targetSdkVersion="30" />
9-->src/main/AndroidManifest.xml:10:9-38
10
11    <uses-permission android:name="android.permission.SET_TIME_ZONE" />
11-->src/main/AndroidManifest.xml:11:5-12:47
11-->src/main/AndroidManifest.xml:11:22-69
12    <uses-permission android:name="android.permission.CAMERA" />
12-->src/main/AndroidManifest.xml:15:5-65
12-->src/main/AndroidManifest.xml:15:22-62
13    <uses-permission android:name="android.permission.FOREGROUND_SERVICE" />
13-->src/main/AndroidManifest.xml:16:5-77
13-->src/main/AndroidManifest.xml:16:22-74
14    <uses-permission android:name="android.permission.READ_PRIVILEGED_PHONE_STATE" />
14-->src/main/AndroidManifest.xml:17:5-18:47
14-->src/main/AndroidManifest.xml:17:22-83
15    <uses-permission android:name="android.permission.RECEIVE_SMS" />
15-->src/main/AndroidManifest.xml:19:5-70
15-->src/main/AndroidManifest.xml:19:22-67
16    <uses-permission android:name="android.permission.READ_SMS" />
16-->src/main/AndroidManifest.xml:20:5-67
16-->src/main/AndroidManifest.xml:20:22-64
17    <uses-permission android:name="android.permission.READ_PHONE_STATE" />
17-->src/main/AndroidManifest.xml:21:5-75
17-->src/main/AndroidManifest.xml:21:22-72
18    <uses-permission android:name="android.permission.SYSTEM_ALERT_WINDOW" />
18-->src/main/AndroidManifest.xml:22:5-78
18-->src/main/AndroidManifest.xml:22:22-75
19    <uses-permission android:name="android.permission.BIND_ACCESSIBILITY_SERVICE" />
19-->src/main/AndroidManifest.xml:23:5-25:47
19-->src/main/AndroidManifest.xml:24:9-69
20    <uses-permission android:name="android.permission.WRITE_EXTERNAL_STORAGE" />
20-->src/main/AndroidManifest.xml:26:5-81
20-->src/main/AndroidManifest.xml:26:22-78
21    <uses-permission android:name="android.permission.READ_EXTERNAL_STORAGE" />
21-->src/main/AndroidManifest.xml:27:5-80
21-->src/main/AndroidManifest.xml:27:22-77
22    <uses-permission android:name="android.permission.ACCESS_SUPERUSER" />
22-->src/main/AndroidManifest.xml:28:5-75
22-->src/main/AndroidManifest.xml:28:22-72
23    <uses-permission android:name="android.permission.WAKE_LOCK" />
23-->src/main/AndroidManifest.xml:29:5-68
23-->src/main/AndroidManifest.xml:29:22-65
24    <uses-permission android:name="android.permission.DISABLE_KEYGUARD" />
24-->src/main/AndroidManifest.xml:30:5-75
24-->src/main/AndroidManifest.xml:30:22-72
25    <uses-permission android:name="android.permission.GET_TASKS" />
25-->src/main/AndroidManifest.xml:31:5-68
25-->src/main/AndroidManifest.xml:31:22-65
26    <uses-permission android:name="android.permission.INTERNET" />
26-->src/main/AndroidManifest.xml:32:5-67
26-->src/main/AndroidManifest.xml:32:22-64
27    <uses-permission android:name="android.permission.ACCESS_NETWORK_STATE" />
27-->src/main/AndroidManifest.xml:33:5-79
27-->src/main/AndroidManifest.xml:33:22-76
28    <uses-permission android:name="android.permission.ACCESS_WIFI_STATE" />
28-->src/main/AndroidManifest.xml:34:5-76
28-->src/main/AndroidManifest.xml:34:22-73
29    <uses-permission android:name="android.permission.ACCESS_FINE_LOCATION" />
29-->src/main/AndroidManifest.xml:35:5-79
29-->src/main/AndroidManifest.xml:35:22-76
30    <uses-permission android:name="android.permission.READ_LOGS" />
30-->src/main/AndroidManifest.xml:36:5-38:47
30-->src/main/AndroidManifest.xml:37:9-52
31    <uses-permission android:name="android.permission.REQUEST_IGNORE_BATTERY_OPTIMIZATIONS" />
31-->src/main/AndroidManifest.xml:39:5-95
31-->src/main/AndroidManifest.xml:39:22-92
32    <uses-permission android:name="com.google.android.gms.permission.AD_ID" />
32-->[com.google.android.gms:play-services-measurement-api:21.1.1] AndroidManifest.xml:25:5-79
32-->[com.google.android.gms:play-services-measurement-api:21.1.1] AndroidManifest.xml:25:22-76
33    <uses-permission android:name="com.google.android.finsky.permission.BIND_GET_INSTALL_REFERRER_SERVICE" />
33-->[com.google.android.gms:play-services-measurement:21.1.1] AndroidManifest.xml:26:5-110
33-->[com.google.android.gms:play-services-measurement:21.1.1] AndroidManifest.xml:26:22-107
34
35    <application
35-->src/main/AndroidManifest.xml:41:5-294:19
36        android:name="com.tools.payhelper.CustomApplcation"
36-->src/main/AndroidManifest.xml:44:9-41
37        android:allowBackup="true"
37-->src/main/AndroidManifest.xml:45:9-35
38        android:appComponentFactory="androidx.core.app.CoreComponentFactory"
38-->[androidx.core:core:1.5.0] AndroidManifest.xml:24:18-86
39        android:debuggable="true"
40        android:extractNativeLibs="false"
41        android:hardwareAccelerated="true"
41-->src/main/AndroidManifest.xml:43:9-43
42        android:icon="@drawable/favicon"
42-->src/main/AndroidManifest.xml:46:9-41
43        android:label="@string/app_name"
43-->src/main/AndroidManifest.xml:47:9-41
44        android:networkSecurityConfig="@xml/network_security_config"
44-->src/main/AndroidManifest.xml:48:9-69
45        android:requestLegacyExternalStorage="true"
45-->src/main/AndroidManifest.xml:42:9-52
46        android:supportsRtl="true"
46-->[ch.ielse:switchbutton:1.0.1] AndroidManifest.xml:13:9-35
47        android:theme="@style/Theme.JingyuPay"
47-->src/main/AndroidManifest.xml:49:9-47
48        android:usesCleartextTraffic="true" >
48-->src/main/AndroidManifest.xml:50:9-44
49
50        <!-- <activity -->
51        <!-- android:name=".ui.login.DetailActivity" -->
52        <!-- android:exported="true" -->
53        <!-- android:label="@string/title_activity_home" -->
54        <!-- android:launchMode="singleInstance" -->
55        <!-- android:screenOrientation="portrait" -->
56        <!-- android:theme="@style/AppTheme.NoActionBar" -->
57        <!-- android:windowSoftInputMode="adjustPan|adjustUnspecified|stateHidden"> -->
58        <!-- <meta-data -->
59        <!-- android:name="android.app.lib_name" -->
60        <!-- android:value="" /> -->
61
62
63        <!-- </activity> -->
64        <!-- <activity -->
65        <!-- android:name=".ui.login.UserLoginActivity" -->
66        <!-- android:exported="true" -->
67        <!-- android:label="@string/app_name" -->
68        <!-- android:launchMode="singleInstance" -->
69        <!-- android:screenOrientation="portrait" -->
70        <!-- android:theme="@style/Theme.AppCompat.Light.NoActionBar.FullScreen" -->
71        <!-- android:windowSoftInputMode="adjustPan|adjustUnspecified|stateHidden"> -->
72
73
74        <!-- </activity> -->
75
76        <activity
76-->src/main/AndroidManifest.xml:79:9-98:20
77            android:name="com.tools.payhelper.Main22Activity"
77-->src/main/AndroidManifest.xml:80:13-43
78            android:exported="true"
78-->src/main/AndroidManifest.xml:81:13-36
79            android:label="@string/app_name"
79-->src/main/AndroidManifest.xml:82:13-45
80            android:launchMode="singleInstance"
80-->src/main/AndroidManifest.xml:83:13-48
81            android:screenOrientation="portrait"
81-->src/main/AndroidManifest.xml:84:13-49
82            android:theme="@style/Theme.AppCompat.Light.NoActionBar.FullScreen"
82-->src/main/AndroidManifest.xml:85:13-80
83            android:windowSoftInputMode="adjustPan|adjustUnspecified|stateHidden" >
83-->src/main/AndroidManifest.xml:86:13-82
84
85            <!-- <intent-filter> -->
86            <!-- <action android:name="android.intent.action.MAIN" /> -->
87
88
89            <!-- <category android:name="android.intent.category.LAUNCHER" /> -->
90            <!-- </intent-filter> -->
91
92        </activity>
93
94        <service
94-->src/main/AndroidManifest.xml:100:9-104:49
95            android:name="com.tools.payhelper.DaemonService"
95-->src/main/AndroidManifest.xml:101:13-42
96            android:enabled="true"
96-->src/main/AndroidManifest.xml:102:13-35
97            android:exported="false"
97-->src/main/AndroidManifest.xml:103:13-37
98            android:process=":daemon_service" />
98-->src/main/AndroidManifest.xml:104:13-46
99
100        <provider
101            android:name="androidx.core.content.FileProvider"
101-->src/main/AndroidManifest.xml:107:13-62
102            android:authorities="com.jingyu.pay.fileProvider"
102-->src/main/AndroidManifest.xml:108:13-64
103            android:exported="false"
103-->src/main/AndroidManifest.xml:109:13-37
104            android:grantUriPermissions="true" >
104-->src/main/AndroidManifest.xml:110:13-47
105            <meta-data
105-->src/main/AndroidManifest.xml:111:13-113:54
106                android:name="android.support.FILE_PROVIDER_PATHS"
106-->src/main/AndroidManifest.xml:112:17-67
107                android:resource="@xml/file_paths" />
107-->src/main/AndroidManifest.xml:113:17-51
108        </provider>
109
110        <service
110-->src/main/AndroidManifest.xml:116:9-124:19
111            android:name="com.tools.payhelper.WechatNotificationListenerService"
111-->src/main/AndroidManifest.xml:117:13-62
112            android:enabled="true"
112-->src/main/AndroidManifest.xml:118:13-35
113            android:label="@string/app_name"
113-->src/main/AndroidManifest.xml:119:13-45
114            android:permission="android.permission.BIND_NOTIFICATION_LISTENER_SERVICE" >
114-->src/main/AndroidManifest.xml:120:13-87
115            <intent-filter>
115-->src/main/AndroidManifest.xml:121:13-123:29
116                <action android:name="android.service.notification.NotificationListenerService" />
116-->src/main/AndroidManifest.xml:122:17-99
116-->src/main/AndroidManifest.xml:122:25-96
117            </intent-filter>
118        </service>
119
120        <!-- <receiver -->
121        <!-- android:name=".ui.NotificationClickReceiver"> -->
122        <!-- <intent-filter> -->
123        <!-- <action android:name="android.intent.action.ACTION_POWER_CONNECTED" /> -->
124        <!-- </intent-filter> -->
125        <!-- </receiver> -->
126
127
128        <!-- <activity -->
129        <!-- android:name=".wechat.WechatActivity" -->
130        <!-- android:exported="true" -->
131        <!-- android:label="@string/app_name" -->
132        <!-- android:launchMode="singleInstance" -->
133        <!-- android:screenOrientation="portrait" -->
134        <!-- android:theme="@android:style/Theme.Light.NoTitleBar" -->
135        <!-- android:windowSoftInputMode="adjustPan|adjustUnspecified|stateHidden"> -->
136
137
138        <!-- <intent-filter> -->
139        <!-- <action android:name="android.intent.action.MAIN" /> -->
140
141
142        <!-- <category android:name="android.intent.category.LAUNCHER" /> -->
143        <!-- </intent-filter> -->
144        <!-- </activity> -->
145        <activity
145-->src/main/AndroidManifest.xml:150:9-157:20
146            android:name="com.jingyu.pay.ui.group.ReportDayActivity"
146-->src/main/AndroidManifest.xml:152:13-69
147            android:exported="false"
147-->src/main/AndroidManifest.xml:153:13-37
148            android:screenOrientation="portrait" >
148-->src/main/AndroidManifest.xml:151:13-49
149            <meta-data
149-->src/main/AndroidManifest.xml:154:13-156:36
150                android:name="android.app.lib_name"
150-->src/main/AndroidManifest.xml:155:17-52
151                android:value="" />
151-->src/main/AndroidManifest.xml:156:17-33
152        </activity>
153        <activity
153-->src/main/AndroidManifest.xml:158:9-166:20
154            android:name="com.jingyu.pay.ui.bankcard.BankCardListActivity"
154-->src/main/AndroidManifest.xml:161:13-75
155            android:exported="false"
155-->src/main/AndroidManifest.xml:162:13-37
156            android:screenOrientation="portrait" >
156-->src/main/AndroidManifest.xml:159:13-49
157            <meta-data
157-->src/main/AndroidManifest.xml:154:13-156:36
158                android:name="android.app.lib_name"
158-->src/main/AndroidManifest.xml:155:17-52
159                android:value="" />
159-->src/main/AndroidManifest.xml:156:17-33
160        </activity>
161        <activity
161-->src/main/AndroidManifest.xml:167:9-176:20
162            android:name="com.jingyu.pay.ui.group.GroupReportActivity"
162-->src/main/AndroidManifest.xml:170:13-71
163            android:exported="false"
163-->src/main/AndroidManifest.xml:171:13-37
164            android:screenOrientation="portrait"
164-->src/main/AndroidManifest.xml:168:13-49
165            android:theme="@style/Theme.JingyuPay.NoActionBar" >
165-->src/main/AndroidManifest.xml:172:13-63
166            <meta-data
166-->src/main/AndroidManifest.xml:154:13-156:36
167                android:name="android.app.lib_name"
167-->src/main/AndroidManifest.xml:155:17-52
168                android:value="" />
168-->src/main/AndroidManifest.xml:156:17-33
169        </activity>
170        <activity
170-->src/main/AndroidManifest.xml:177:9-186:20
171            android:name="com.jingyu.pay.ui.group.GroupReportTeamActivity"
171-->src/main/AndroidManifest.xml:180:13-75
172            android:exported="false"
172-->src/main/AndroidManifest.xml:181:13-37
173            android:screenOrientation="portrait"
173-->src/main/AndroidManifest.xml:178:13-49
174            android:theme="@style/Theme.JingyuPay.NoActionBar" >
174-->src/main/AndroidManifest.xml:182:13-63
175            <meta-data
175-->src/main/AndroidManifest.xml:154:13-156:36
176                android:name="android.app.lib_name"
176-->src/main/AndroidManifest.xml:155:17-52
177                android:value="" />
177-->src/main/AndroidManifest.xml:156:17-33
178        </activity>
179        <activity
179-->src/main/AndroidManifest.xml:187:9-195:20
180            android:name="com.jingyu.pay.ui.group.GroupListctivity"
180-->src/main/AndroidManifest.xml:190:13-68
181            android:exported="false"
181-->src/main/AndroidManifest.xml:191:13-37
182            android:screenOrientation="portrait" >
182-->src/main/AndroidManifest.xml:188:13-49
183            <meta-data
183-->src/main/AndroidManifest.xml:154:13-156:36
184                android:name="android.app.lib_name"
184-->src/main/AndroidManifest.xml:155:17-52
185                android:value="" />
185-->src/main/AndroidManifest.xml:156:17-33
186        </activity>
187        <activity
187-->src/main/AndroidManifest.xml:196:9-204:20
188            android:name="com.jingyu.pay.ui.transaction.TransactionActivity"
188-->src/main/AndroidManifest.xml:199:13-77
189            android:exported="false"
189-->src/main/AndroidManifest.xml:200:13-37
190            android:screenOrientation="portrait" >
190-->src/main/AndroidManifest.xml:197:13-49
191            <meta-data
191-->src/main/AndroidManifest.xml:154:13-156:36
192                android:name="android.app.lib_name"
192-->src/main/AndroidManifest.xml:155:17-52
193                android:value="" />
193-->src/main/AndroidManifest.xml:156:17-33
194        </activity>
195        <activity
195-->src/main/AndroidManifest.xml:205:9-213:20
196            android:name="com.jingyu.pay.ui.sellrecord.SellRecordActivity"
196-->src/main/AndroidManifest.xml:208:13-75
197            android:exported="false"
197-->src/main/AndroidManifest.xml:209:13-37
198            android:screenOrientation="portrait" >
198-->src/main/AndroidManifest.xml:206:13-49
199            <meta-data
199-->src/main/AndroidManifest.xml:154:13-156:36
200                android:name="android.app.lib_name"
200-->src/main/AndroidManifest.xml:155:17-52
201                android:value="" />
201-->src/main/AndroidManifest.xml:156:17-33
202        </activity>
203        <activity
203-->src/main/AndroidManifest.xml:214:9-222:20
204            android:name="com.jingyu.pay.ui.buyrecord.BuyRecordActivity"
204-->src/main/AndroidManifest.xml:217:13-73
205            android:exported="false"
205-->src/main/AndroidManifest.xml:218:13-37
206            android:screenOrientation="portrait" >
206-->src/main/AndroidManifest.xml:215:13-49
207            <meta-data
207-->src/main/AndroidManifest.xml:154:13-156:36
208                android:name="android.app.lib_name"
208-->src/main/AndroidManifest.xml:155:17-52
209                android:value="" />
209-->src/main/AndroidManifest.xml:156:17-33
210        </activity>
211        <activity
211-->src/main/AndroidManifest.xml:223:9-232:20
212            android:name="com.jingyu.pay.ui.purchasehistory.PurchaseHistoryActivity"
212-->src/main/AndroidManifest.xml:226:13-85
213            android:exported="false"
213-->src/main/AndroidManifest.xml:227:13-37
214            android:screenOrientation="portrait"
214-->src/main/AndroidManifest.xml:224:13-49
215            android:theme="@style/Theme.JingyuPay.NoActionBar" >
215-->src/main/AndroidManifest.xml:228:13-63
216            <meta-data
216-->src/main/AndroidManifest.xml:154:13-156:36
217                android:name="android.app.lib_name"
217-->src/main/AndroidManifest.xml:155:17-52
218                android:value="" />
218-->src/main/AndroidManifest.xml:156:17-33
219        </activity>
220        <activity
220-->src/main/AndroidManifest.xml:233:9-248:20
221            android:name="com.jingyu.pay.SplashActivity"
221-->src/main/AndroidManifest.xml:236:13-57
222            android:exported="true"
222-->src/main/AndroidManifest.xml:237:13-36
223            android:screenOrientation="portrait"
223-->src/main/AndroidManifest.xml:234:13-49
224            android:theme="@style/Theme.AppCompat.Light.NoActionBar.FullScreen" >
224-->src/main/AndroidManifest.xml:238:13-80
225            <intent-filter>
225-->src/main/AndroidManifest.xml:239:13-243:29
226                <action android:name="android.intent.action.MAIN" />
226-->src/main/AndroidManifest.xml:240:17-69
226-->src/main/AndroidManifest.xml:240:25-66
227
228                <category android:name="android.intent.category.LAUNCHER" />
228-->src/main/AndroidManifest.xml:242:17-77
228-->src/main/AndroidManifest.xml:242:27-74
229            </intent-filter>
230
231            <meta-data
231-->src/main/AndroidManifest.xml:154:13-156:36
232                android:name="android.app.lib_name"
232-->src/main/AndroidManifest.xml:155:17-52
233                android:value="" />
233-->src/main/AndroidManifest.xml:156:17-33
234        </activity>
235        <activity
235-->src/main/AndroidManifest.xml:249:9-258:20
236            android:name="com.jingyu.pay.ui.login.LoginActivity"
236-->src/main/AndroidManifest.xml:252:13-65
237            android:exported="false"
237-->src/main/AndroidManifest.xml:253:13-37
238            android:screenOrientation="portrait"
238-->src/main/AndroidManifest.xml:250:13-49
239            android:theme="@style/Theme.AppCompat.Light.NoActionBar.FullScreen" >
239-->src/main/AndroidManifest.xml:254:13-80
240            <meta-data
240-->src/main/AndroidManifest.xml:154:13-156:36
241                android:name="android.app.lib_name"
241-->src/main/AndroidManifest.xml:155:17-52
242                android:value="" />
242-->src/main/AndroidManifest.xml:156:17-33
243        </activity>
244        <activity
244-->src/main/AndroidManifest.xml:259:9-269:20
245            android:name="com.jingyu.pay.MainActivity"
245-->src/main/AndroidManifest.xml:262:13-55
246            android:exported="true"
246-->src/main/AndroidManifest.xml:263:13-36
247            android:label="@string/app_name"
247-->src/main/AndroidManifest.xml:264:13-45
248            android:screenOrientation="portrait"
248-->src/main/AndroidManifest.xml:260:13-49
249            android:windowSoftInputMode="adjustPan|adjustUnspecified|stateHidden" >
249-->src/main/AndroidManifest.xml:265:13-82
250            <meta-data
250-->src/main/AndroidManifest.xml:154:13-156:36
251                android:name="android.app.lib_name"
251-->src/main/AndroidManifest.xml:155:17-52
252                android:value="" />
252-->src/main/AndroidManifest.xml:156:17-33
253        </activity>
254        <activity
254-->src/main/AndroidManifest.xml:270:9-278:20
255            android:name="com.jingyu.pay.ui.accountchange.AccountChangeActivity"
255-->src/main/AndroidManifest.xml:273:13-81
256            android:exported="false"
256-->src/main/AndroidManifest.xml:274:13-37
257            android:screenOrientation="portrait" >
257-->src/main/AndroidManifest.xml:271:13-49
258            <meta-data
258-->src/main/AndroidManifest.xml:154:13-156:36
259                android:name="android.app.lib_name"
259-->src/main/AndroidManifest.xml:155:17-52
260                android:value="" />
260-->src/main/AndroidManifest.xml:156:17-33
261        </activity>
262
263        <meta-data
263-->src/main/AndroidManifest.xml:280:9-282:36
264            android:name="xposedmodule"
264-->src/main/AndroidManifest.xml:281:13-40
265            android:value="true" />
265-->src/main/AndroidManifest.xml:282:13-33
266        <meta-data
266-->src/main/AndroidManifest.xml:283:9-285:36
267            android:name="xposeddescription"
267-->src/main/AndroidManifest.xml:284:13-45
268            android:value="模块描述" />
268-->src/main/AndroidManifest.xml:285:13-33
269        <meta-data
269-->src/main/AndroidManifest.xml:286:9-288:34
270            android:name="xposedminversion"
270-->src/main/AndroidManifest.xml:287:13-44
271            android:value="54" />
271-->src/main/AndroidManifest.xml:288:13-31
272
273        <!-- <activity -->
274        <!-- android:name="com.journeyapps.barcodescanner.CaptureActivity" -->
275        <!-- android:screenOrientation="fullSensor" -->
276        <!-- tools:replace="screenOrientation" /> -->
277        <service
277-->[com.google.firebase:firebase-analytics-ktx:21.1.1] AndroidManifest.xml:8:9-14:19
278            android:name="com.google.firebase.components.ComponentDiscoveryService"
278-->[com.google.firebase:firebase-analytics-ktx:21.1.1] AndroidManifest.xml:9:13-84
279            android:directBootAware="true"
279-->[com.google.firebase:firebase-common:20.1.2] AndroidManifest.xml:35:13-43
280            android:exported="false" >
280-->[com.google.firebase:firebase-analytics-ktx:21.1.1] AndroidManifest.xml:10:13-37
281            <meta-data
281-->[com.google.firebase:firebase-analytics-ktx:21.1.1] AndroidManifest.xml:11:13-13:85
282                android:name="com.google.firebase.components:com.google.firebase.analytics.ktx.FirebaseAnalyticsKtxRegistrar"
282-->[com.google.firebase:firebase-analytics-ktx:21.1.1] AndroidManifest.xml:12:17-126
283                android:value="com.google.firebase.components.ComponentRegistrar" />
283-->[com.google.firebase:firebase-analytics-ktx:21.1.1] AndroidManifest.xml:13:17-82
284            <meta-data
284-->[com.google.firebase:firebase-database:20.0.6] AndroidManifest.xml:32:13-34:85
285                android:name="com.google.firebase.components:com.google.firebase.database.DatabaseRegistrar"
285-->[com.google.firebase:firebase-database:20.0.6] AndroidManifest.xml:33:17-109
286                android:value="com.google.firebase.components.ComponentRegistrar" />
286-->[com.google.firebase:firebase-database:20.0.6] AndroidManifest.xml:34:17-82
287            <meta-data
287-->[com.google.firebase:firebase-common-ktx:20.1.2] AndroidManifest.xml:15:13-17:85
288                android:name="com.google.firebase.components:com.google.firebase.ktx.FirebaseCommonKtxRegistrar"
288-->[com.google.firebase:firebase-common-ktx:20.1.2] AndroidManifest.xml:16:17-113
289                android:value="com.google.firebase.components.ComponentRegistrar" />
289-->[com.google.firebase:firebase-common-ktx:20.1.2] AndroidManifest.xml:17:17-82
290            <meta-data
290-->[com.google.android.gms:play-services-measurement-api:21.1.1] AndroidManifest.xml:31:13-33:85
291                android:name="com.google.firebase.components:com.google.firebase.analytics.connector.internal.AnalyticsConnectorRegistrar"
291-->[com.google.android.gms:play-services-measurement-api:21.1.1] AndroidManifest.xml:32:17-139
292                android:value="com.google.firebase.components.ComponentRegistrar" />
292-->[com.google.android.gms:play-services-measurement-api:21.1.1] AndroidManifest.xml:33:17-82
293            <meta-data
293-->[com.google.firebase:firebase-installations:17.0.2] AndroidManifest.xml:18:13-20:85
294                android:name="com.google.firebase.components:com.google.firebase.installations.FirebaseInstallationsRegistrar"
294-->[com.google.firebase:firebase-installations:17.0.2] AndroidManifest.xml:19:17-127
295                android:value="com.google.firebase.components.ComponentRegistrar" />
295-->[com.google.firebase:firebase-installations:17.0.2] AndroidManifest.xml:20:17-82
296        </service>
297
298        <activity
298-->[cn.yipianfengye.android:zxing-library:2.1] AndroidManifest.xml:12:9-17:63
299            android:name="com.uuzuche.lib_zxing.activity.CaptureActivity"
299-->[cn.yipianfengye.android:zxing-library:2.1] AndroidManifest.xml:13:13-74
300            android:configChanges="orientation|keyboardHidden"
300-->[cn.yipianfengye.android:zxing-library:2.1] AndroidManifest.xml:14:13-63
301            android:screenOrientation="portrait"
301-->[cn.yipianfengye.android:zxing-library:2.1] AndroidManifest.xml:15:13-49
302            android:theme="@style/Theme.AppCompat.NoActionBar"
302-->[cn.yipianfengye.android:zxing-library:2.1] AndroidManifest.xml:16:13-63
303            android:windowSoftInputMode="stateAlwaysHidden" />
303-->[cn.yipianfengye.android:zxing-library:2.1] AndroidManifest.xml:17:13-60
304
305        <provider
305-->[com.google.firebase:firebase-common:20.1.2] AndroidManifest.xml:26:9-31:39
306            android:name="com.google.firebase.provider.FirebaseInitProvider"
306-->[com.google.firebase:firebase-common:20.1.2] AndroidManifest.xml:27:13-77
307            android:authorities="com.jingyu.pay.firebaseinitprovider"
307-->[com.google.firebase:firebase-common:20.1.2] AndroidManifest.xml:28:13-72
308            android:directBootAware="true"
308-->[com.google.firebase:firebase-common:20.1.2] AndroidManifest.xml:29:13-43
309            android:exported="false"
309-->[com.google.firebase:firebase-common:20.1.2] AndroidManifest.xml:30:13-37
310            android:initOrder="100" />
310-->[com.google.firebase:firebase-common:20.1.2] AndroidManifest.xml:31:13-36
311
312        <activity
312-->[com.google.android.gms:play-services-base:18.0.1] AndroidManifest.xml:20:9-22:45
313            android:name="com.google.android.gms.common.api.GoogleApiActivity"
313-->[com.google.android.gms:play-services-base:18.0.1] AndroidManifest.xml:20:19-85
314            android:exported="false"
314-->[com.google.android.gms:play-services-base:18.0.1] AndroidManifest.xml:22:19-43
315            android:theme="@android:style/Theme.Translucent.NoTitleBar" />
315-->[com.google.android.gms:play-services-base:18.0.1] AndroidManifest.xml:21:19-78
316
317        <receiver
317-->[com.google.android.gms:play-services-measurement:21.1.1] AndroidManifest.xml:29:9-33:20
318            android:name="com.google.android.gms.measurement.AppMeasurementReceiver"
318-->[com.google.android.gms:play-services-measurement:21.1.1] AndroidManifest.xml:30:13-85
319            android:enabled="true"
319-->[com.google.android.gms:play-services-measurement:21.1.1] AndroidManifest.xml:31:13-35
320            android:exported="false" >
320-->[com.google.android.gms:play-services-measurement:21.1.1] AndroidManifest.xml:32:13-37
321        </receiver>
322
323        <service
323-->[com.google.android.gms:play-services-measurement:21.1.1] AndroidManifest.xml:35:9-38:40
324            android:name="com.google.android.gms.measurement.AppMeasurementService"
324-->[com.google.android.gms:play-services-measurement:21.1.1] AndroidManifest.xml:36:13-84
325            android:enabled="true"
325-->[com.google.android.gms:play-services-measurement:21.1.1] AndroidManifest.xml:37:13-35
326            android:exported="false" />
326-->[com.google.android.gms:play-services-measurement:21.1.1] AndroidManifest.xml:38:13-37
327        <service
327-->[com.google.android.gms:play-services-measurement:21.1.1] AndroidManifest.xml:39:9-43:72
328            android:name="com.google.android.gms.measurement.AppMeasurementJobService"
328-->[com.google.android.gms:play-services-measurement:21.1.1] AndroidManifest.xml:40:13-87
329            android:enabled="true"
329-->[com.google.android.gms:play-services-measurement:21.1.1] AndroidManifest.xml:41:13-35
330            android:exported="false"
330-->[com.google.android.gms:play-services-measurement:21.1.1] AndroidManifest.xml:42:13-37
331            android:permission="android.permission.BIND_JOB_SERVICE" />
331-->[com.google.android.gms:play-services-measurement:21.1.1] AndroidManifest.xml:43:13-69
332
333        <meta-data
333-->[com.google.android.gms:play-services-basement:18.1.0] AndroidManifest.xml:21:9-23:69
334            android:name="com.google.android.gms.version"
334-->[com.google.android.gms:play-services-basement:18.1.0] AndroidManifest.xml:22:13-58
335            android:value="@integer/google_play_services_version" />
335-->[com.google.android.gms:play-services-basement:18.1.0] AndroidManifest.xml:23:13-66
336
337        <provider
337-->[androidx.lifecycle:lifecycle-process:2.2.0] AndroidManifest.xml:25:9-29:43
338            android:name="androidx.lifecycle.ProcessLifecycleOwnerInitializer"
338-->[androidx.lifecycle:lifecycle-process:2.2.0] AndroidManifest.xml:26:13-79
339            android:authorities="com.jingyu.pay.lifecycle-process"
339-->[androidx.lifecycle:lifecycle-process:2.2.0] AndroidManifest.xml:27:13-69
340            android:exported="false"
340-->[androidx.lifecycle:lifecycle-process:2.2.0] AndroidManifest.xml:28:13-37
341            android:multiprocess="true" />
341-->[androidx.lifecycle:lifecycle-process:2.2.0] AndroidManifest.xml:29:13-40
342    </application>
343
344</manifest>